<?xml version="1.0" encoding="UTF-8"?>
<testng-results ignored="0" total="1" passed="1" failed="0" skipped="0">
  <reporter-output>
  </reporter-output>
  <suite started-at="2024-06-12T05:24:22 IST" name="Suite" finished-at="2024-06-12T05:24:33 IST" duration-ms="11174">
    <groups>
      <group name="cucumber">
        <method signature="AbstractTestNGCucumberTests.runScenario(io.cucumber.testng.PickleWrapper,io.cucumber.testng.FeatureWrapper)[pri:0, instance:runnerLogin.TestRunner@548d708a]" name="runScenario" class="io.cucumber.testng.AbstractTestNGCucumberTests"/>
      </group> <!-- cucumber -->
    </groups>
    <test started-at="2024-06-12T05:24:22 IST" name="Smoke Test" finished-at="2024-06-12T05:24:33 IST" duration-ms="11174">
      <class name="runnerLogin.TestRunner">
        <test-method is-config="true" signature="setUpClass(org.testng.ITestContext)[pri:0, instance:runnerLogin.TestRunner@548d708a]" started-at="2024-06-12T05:24:22 IST" name="setUpClass" finished-at="2024-06-12T05:24:23 IST" duration-ms="1471" status="PASS">
          <params>
            <param index="0">
              <value>
                <![CDATA[org.testng.TestRunner@66de00f2]]>
              </value>
            </param>
          </params>
          <reporter-output>
          </reporter-output>
        </test-method> <!-- setUpClass -->
        <test-method signature="runScenario(io.cucumber.testng.PickleWrapper,io.cucumber.testng.FeatureWrapper)[pri:0, instance:runnerLogin.TestRunner@548d708a]" started-at="2024-06-12T05:24:23 IST" name="runScenario" description="Runs Cucumber Scenarios" data-provider="scenarios" finished-at="2024-06-12T05:24:33 IST" duration-ms="9612" status="PASS">
          <params>
            <param index="0">
              <value>
                <![CDATA["Login with valid credentials"]]>
              </value>
            </param>
            <param index="1">
              <value>
                <![CDATA["Login Validation"]]>
              </value>
            </param>
          </params>
          <reporter-output>
          </reporter-output>
        </test-method> <!-- runScenario -->
        <test-method is-config="true" signature="tearDownClass()[pri:0, instance:runnerLogin.TestRunner@548d708a]" started-at="2024-06-12T05:24:33 IST" name="tearDownClass" finished-at="2024-06-12T05:24:33 IST" duration-ms="33" status="PASS">
          <reporter-output>
          </reporter-output>
        </test-method> <!-- tearDownClass -->
      </class> <!-- runnerLogin.TestRunner -->
    </test> <!-- Smoke Test -->
  </suite> <!-- Suite -->
</testng-results>
